============================= test session starts ==============================
platform linux -- Python 3.12.13, pytest-9.0.2, pluggy-1.6.0 -- /usr/local/bin/python
cachedir: .pytest_cache
rootdir: /app
configfile: pyproject.toml
plugins: anyio-4.12.1
collecting ... collected 55 items

tests/test_scene.py::test_create_node PASSED                             [  1%]
tests/test_scene.py::test_create_node_unknown_type PASSED                [  3%]
tests/test_scene.py::test_set_field PASSED                               [  5%]
tests/test_scene.py::test_set_field_invalid PASSED                       [  7%]
tests/test_scene.py::test_add_child PASSED                               [  9%]
tests/test_scene.py::test_add_child_appearance_material PASSED           [ 10%]
tests/test_scene.py::test_def_node PASSED                                [ 12%]
tests/test_scene.py::test_def_node_duplicate PASSED                      [ 14%]
tests/test_scene.py::test_use_node PASSED                                [ 16%]
tests/test_scene.py::test_use_node_unknown PASSED                        [ 18%]
tests/test_scene.py::test_add_route PASSED                               [ 20%]
tests/test_scene.py::test_add_route_no_def PASSED                        [ 21%]
tests/test_scene.py::test_remove_node PASSED                             [ 23%]
tests/test_scene.py::test_remove_node_with_parent PASSED                 [ 25%]
tests/test_scene.py::test_add_meta PASSED                                [ 27%]
tests/test_scene.py::test_set_profile PASSED                             [ 29%]
tests/test_scene.py::test_set_profile_invalid PASSED                     [ 30%]
tests/test_scene.py::test_to_xml PASSED                                  [ 32%]
tests/test_scene.py::test_to_json PASSED                                 [ 34%]
tests/test_scene.py::test_to_vrml PASSED                                 [ 36%]
tests/test_scene.py::test_reset PASSED                                   [ 38%]
tests/test_scene.py::test_complete_scene PASSED                          [ 40%]
tests/test_tools.py::test_workflow_create_scene PASSED                   [ 41%]
tests/test_tools.py::test_workflow_create_geometry PASSED                [ 43%]
tests/test_tools.py::test_workflow_compose_scene PASSED                  [ 45%]
tests/test_tools.py::test_granular_scene_building PASSED                 [ 47%]
tests/test_tools.py::test_granular_def_use PASSED                        [ 49%]
tests/test_tools.py::test_query_list_nodes PASSED                        [ 50%]
tests/test_tools.py::test_query_describe_node PASSED                     [ 52%]
tests/test_tools.py::test_query_list_components PASSED                   [ 54%]
tests/test_tools.py::test_query_list_profiles PASSED                     [ 56%]
tests/test_tools.py::test_convert_xml_to_json PASSED                     [ 58%]
tests/test_tools.py::test_convert_xml_to_vrml PASSED                     [ 60%]
tests/test_validation.py::test_valid_minimal_scene PASSED                [ 61%]
tests/test_validation.py::test_valid_scene_with_xsi PASSED               [ 63%]
tests/test_validation.py::test_invalid_unknown_node PASSED               [ 65%]
tests/test_validation.py::test_invalid_malformed_xml PASSED              [ 67%]
tests/test_validation.py::test_invalid_missing_profile PASSED            [ 69%]
tests/test_validation.py::test_valid_json PASSED                         [ 70%]
tests/test_validation.py::test_invalid_json_parse PASSED                 [ 72%]
tests/test_validation.py::test_invalid_json_missing_x3d PASSED           [ 74%]
tests/test_validation.py::test_invalid_json_missing_fields PASSED        [ 76%]
tests/test_x3duom.py::test_loads_x3duom PASSED                           [ 78%]
tests/test_x3duom.py::test_concrete_nodes_count PASSED                   [ 80%]
tests/test_x3duom.py::test_box_node PASSED                               [ 81%]
tests/test_x3duom.py::test_material_node PASSED                          [ 83%]
tests/test_x3duom.py::test_transform_node PASSED                         [ 85%]
tests/test_x3duom.py::test_get_node_fields PASSED                        [ 87%]
tests/test_x3duom.py::test_get_node_fields_unknown PASSED                [ 89%]
tests/test_x3duom.py::test_components PASSED                             [ 90%]
tests/test_x3duom.py::test_profiles PASSED                               [ 92%]
tests/test_x3duom.py::test_field_types PASSED                            [ 94%]
tests/test_x3duom.py::test_abstract_types PASSED                         [ 96%]
tests/test_x3duom.py::test_container_field PASSED                        [ 98%]
tests/test_x3duom.py::test_singleton PASSED                              [100%]

============================== 55 passed in 1.67s ==============================
